<?xml version="1.0" encoding="UTF-8"?>
<testsuite name="Regression Test"
           tests="2"
           failures="0"
           errors="0"
           skipped="0"
           time="90.304">
  <properties />
  
  
            <testcase name="verifyProductAddedToShoppingCartSuccessFully" time="43.264" classname="com.nopcommerce.demo.testsuite.TestSuite" />
                <testcase name="verifyProductArrangeInAlphabeticalOrder" time="47.040" classname="com.nopcommerce.demo.testsuite.TestSuite" />
      
</testsuite>
